<?xml version="1.0" encoding="UTF-8"?>
<testng-results ignored="0" total="1" passed="1" failed="0" skipped="0">
  <reporter-output>
  </reporter-output>
  <suite started-at="2022-03-19T13:51:07 IST" name="Suite" finished-at="2022-03-19T13:51:09 IST" duration-ms="2097">
    <groups>
    </groups>
    <test started-at="2022-03-19T13:51:07 IST" name="Test" finished-at="2022-03-19T13:51:09 IST" duration-ms="2097">
      <class name="testcases.LoginTestScenario">
        <test-method is-config="true" signature="launch_browser()[pri:0, instance:testcases.LoginTestScenario@a530d0a]" started-at="2022-03-19T13:51:03 IST" name="launch_browser" finished-at="2022-03-19T13:51:07 IST" duration-ms="3862" status="PASS">
          <reporter-output>
          </reporter-output>
        </test-method> <!-- launch_browser -->
        <test-method is-config="true" signature="startCreatingReport(org.testng.ITestContext,org.testng.ITestResult)[pri:0, instance:testcases.LoginTestScenario@a530d0a]" started-at="2022-03-19T13:51:07 IST" name="startCreatingReport" finished-at="2022-03-19T13:51:07 IST" duration-ms="123" status="PASS">
          <params>
            <param index="0">
              <value>
                <![CDATA[org.testng.TestRunner@2b98b3bb]]>
              </value>
            </param>
            <param index="1">
              <value>
                <![CDATA[[TestResult name={null} status=CREATED method=LoginTestScenario.checkTheUIOfLoginPage()[pri:1, instance:testcases.LoginTestScenario@a530d0a] output={null}]]]>
              </value>
            </param>
          </params>
          <reporter-output>
          </reporter-output>
        </test-method> <!-- startCreatingReport -->
        <test-method signature="checkTheUIOfLoginPage()[pri:1, instance:testcases.LoginTestScenario@a530d0a]" started-at="2022-03-19T13:51:07 IST" name="checkTheUIOfLoginPage" finished-at="2022-03-19T13:51:08 IST" duration-ms="1732" status="PASS">
          <reporter-output>
          </reporter-output>
        </test-method> <!-- checkTheUIOfLoginPage -->
        <test-method is-config="true" signature="endOfReport(org.testng.ITestResult)[pri:0, instance:testcases.LoginTestScenario@a530d0a]" started-at="2022-03-19T13:51:08 IST" name="endOfReport" finished-at="2022-03-19T13:51:09 IST" duration-ms="221" status="PASS">
          <params>
            <param index="0">
              <value>
                <![CDATA[[TestResult name=checkTheUIOfLoginPage status=SUCCESS method=LoginTestScenario.checkTheUIOfLoginPage()[pri:1, instance:testcases.LoginTestScenario@a530d0a] output={null}]]]>
              </value>
            </param>
          </params>
          <reporter-output>
          </reporter-output>
        </test-method> <!-- endOfReport -->
        <test-method is-config="true" signature="close_browser()[pri:0, instance:testcases.LoginTestScenario@a530d0a]" started-at="2022-03-19T13:51:09 IST" name="close_browser" finished-at="2022-03-19T13:51:09 IST" duration-ms="68" status="PASS">
          <reporter-output>
          </reporter-output>
        </test-method> <!-- close_browser -->
      </class> <!-- testcases.LoginTestScenario -->
    </test> <!-- Test -->
  </suite> <!-- Suite -->
</testng-results>
